d:\yun\kb_fpga_c_pcb_m_all\method\method\debug\vc120.pdb
d:\yun\kb_fpga_c_pcb_m_all\method\method\debug\vc120.idb
d:\yun\kb_fpga_c_pcb_m_all\method\method\debug\67.机器人移动.obj
d:\yun\kb_fpga_c_pcb_m_all\method\method\debug\source.obj
d:\yun\kb_fpga_c_pcb_m_all\method\debug\method.pdb
d:\yun\kb_fpga_c_pcb_m_all\method\method\debug\method.tlog\cl.command.1.tlog
d:\yun\kb_fpga_c_pcb_m_all\method\method\debug\method.tlog\cl.read.1.tlog
d:\yun\kb_fpga_c_pcb_m_all\method\method\debug\method.tlog\cl.write.1.tlog
d:\yun\kb_fpga_c_pcb_m_all\method\method\debug\method.tlog\link-cvtres.read.1.tlog
d:\yun\kb_fpga_c_pcb_m_all\method\method\debug\method.tlog\link-cvtres.write.1.tlog
d:\yun\kb_fpga_c_pcb_m_all\method\method\debug\method.tlog\link-rc.read.1.tlog
d:\yun\kb_fpga_c_pcb_m_all\method\method\debug\method.tlog\link-rc.write.1.tlog
d:\yun\kb_fpga_c_pcb_m_all\method\method\debug\method.tlog\link.7824-cvtres.read.1.tlog
d:\yun\kb_fpga_c_pcb_m_all\method\method\debug\method.tlog\link.7824-cvtres.write.1.tlog
d:\yun\kb_fpga_c_pcb_m_all\method\method\debug\method.tlog\link.7824-rc.read.1.tlog
d:\yun\kb_fpga_c_pcb_m_all\method\method\debug\method.tlog\link.7824-rc.write.1.tlog
d:\yun\kb_fpga_c_pcb_m_all\method\method\debug\method.tlog\link.7824.read.1.tlog
d:\yun\kb_fpga_c_pcb_m_all\method\method\debug\method.tlog\link.7824.write.1.tlog
d:\yun\kb_fpga_c_pcb_m_all\method\method\debug\method.tlog\link.command.1.tlog
d:\yun\kb_fpga_c_pcb_m_all\method\method\debug\method.tlog\link.read.1.tlog
d:\yun\kb_fpga_c_pcb_m_all\method\method\debug\method.tlog\link.write.1.tlog
